<?xml version="1.0" encoding="UTF-8"?>
<!-- Generated by org.testng.reporters.JUnitReportReporter -->
<testsuite hostname="uffizio-virtual-machine" failures="1" tests="1" name="runner.Runner2" time="7.057" errors="0" timestamp="2024-09-25T16:28:41 UTC" skipped="0">
  <testcase classname="runner.Runner2" name="runScenario" time="7.057">
    <failure message="The following asserts failed:
	expected [true] but found [false]" type="java.lang.AssertionError">
      <![CDATA[java.lang.AssertionError: The following asserts failed:
expected [true] but found [false]
at org.testng.asserts.SoftAssert.assertAll(SoftAssert.java:46)
at org.testng.asserts.SoftAssert.assertAll(SoftAssert.java:30)
at stepDefinationLogin.StepLogin.click_on_login_button(StepLogin.java:109)
at âœ½.Click on Login Button(file:///home/uffizio/eclipse-workspace/Trakzee_WATM/src/test/resources/Reports2/Activity/Travel.feature:6)
]]>
    </failure>
  </testcase> <!-- runScenario -->
</testsuite> <!-- runner.Runner2 -->
